<?xml version="1.0" encoding="UTF-8"?>
<testsuites>
    <testsuite name="fastlane.lanes">


        <testcase name="0: cd .. &amp;&amp; flutter pub get" classname="fastlane.lanes"
            time="8.987207">

        </testcase>


        <testcase name="1: cd .. &amp;&amp; flutter build apk --release" classname="fastlane.lanes"
            time="54.323142">

            <failure
                message="/opt/homebrew/Cellar/fastlane/2.228.0/libexec/gems/fastlane-2.228.0/fastlane/lib/fastlane/actions/actions_helper.rb:67:in &apos;Fastlane::Actions.execute_action&apos;&#10;/opt/homebrew/Cellar/fastlane/2.228.0/libexec/gems/fastlane-2.228.0/fastlane/lib/fastlane/fast_file.rb:224:in &apos;Fastlane::FastFile.sh&apos;&#10;/opt/homebrew/Cellar/fastlane/2.228.0/libexec/gems/fastlane-2.228.0/fastlane/lib/fastlane/fast_file.rb:216:in &apos;Fastlane::FastFile#sh&apos;&#10;Fastfile:11:in &apos;block (2 levels) in Fastlane::FastFile#parsing_binding&apos;&#10;/opt/homebrew/Cellar/fastlane/2.228.0/libexec/gems/fastlane-2.228.0/fastlane/lib/fastlane/lane.rb:41:in &apos;Fastlane::Lane#call&apos;&#10;/opt/homebrew/Cellar/fastlane/2.228.0/libexec/gems/fastlane-2.228.0/fastlane/lib/fastlane/runner.rb:49:in &apos;block in Fastlane::Runner#execute&apos;&#10;/opt/homebrew/Cellar/fastlane/2.228.0/libexec/gems/fastlane-2.228.0/fastlane/lib/fastlane/runner.rb:45:in &apos;Dir.chdir&apos;&#10;/opt/homebrew/Cellar/fastlane/2.228.0/libexec/gems/fastlane-2.228.0/fastlane/lib/fastlane/runner.rb:45:in &apos;Fastlane::Runner#execute&apos;&#10;/opt/homebrew/Cellar/fastlane/2.228.0/libexec/gems/fastlane-2.228.0/fastlane/lib/fastlane/lane_manager.rb:46:in &apos;Fastlane::LaneManager.cruise_lane&apos;&#10;/opt/homebrew/Cellar/fastlane/2.228.0/libexec/gems/fastlane-2.228.0/fastlane/lib/fastlane/command_line_handler.rb:34:in &apos;Fastlane::CommandLineHandler.handle&apos;&#10;/opt/homebrew/Cellar/fastlane/2.228.0/libexec/gems/fastlane-2.228.0/fastlane/lib/fastlane/commands_generator.rb:110:in &apos;block (2 levels) in Fastlane::CommandsGenerator#run&apos;&#10;/opt/homebrew/Cellar/fastlane/2.228.0/libexec/gems/commander-4.6.0/lib/commander/command.rb:187:in &apos;Commander::Command#call&apos;&#10;/opt/homebrew/Cellar/fastlane/2.228.0/libexec/gems/commander-4.6.0/lib/commander/command.rb:157:in &apos;Commander::Command#run&apos;&#10;/opt/homebrew/Cellar/fastlane/2.228.0/libexec/gems/commander-4.6.0/lib/commander/runner.rb:444:in &apos;Commander::Runner#run_active_command&apos;&#10;/opt/homebrew/Cellar/fastlane/2.228.0/libexec/gems/fastlane-2.228.0/fastlane_core/lib/fastlane_core/ui/fastlane_runner.rb:124:in &apos;Commander::Runner#run!&apos;&#10;/opt/homebrew/Cellar/fastlane/2.228.0/libexec/gems/commander-4.6.0/lib/commander/delegates.rb:18:in &apos;Commander::Delegates#run!&apos;&#10;/opt/homebrew/Cellar/fastlane/2.228.0/libexec/gems/fastlane-2.228.0/fastlane/lib/fastlane/commands_generator.rb:363:in &apos;Fastlane::CommandsGenerator#run&apos;&#10;/opt/homebrew/Cellar/fastlane/2.228.0/libexec/gems/fastlane-2.228.0/fastlane/lib/fastlane/commands_generator.rb:43:in &apos;Fastlane::CommandsGenerator.start&apos;&#10;/opt/homebrew/Cellar/fastlane/2.228.0/libexec/gems/fastlane-2.228.0/fastlane/lib/fastlane/cli_tools_distributor.rb:123:in &apos;Fastlane::CLIToolsDistributor.take_off&apos;&#10;/opt/homebrew/Cellar/fastlane/2.228.0/libexec/gems/fastlane-2.228.0/bin/fastlane:23:in &apos;&lt;top (required)&gt;&apos;&#10;/opt/homebrew/Cellar/fastlane/2.228.0/libexec/bin/fastlane:25:in &apos;Kernel#load&apos;&#10;/opt/homebrew/Cellar/fastlane/2.228.0/libexec/bin/fastlane:25:in &apos;&lt;main&gt;&apos;&#10;&#10;Exit status of command &apos;cd .. &amp;&amp; flutter build apk --release&apos; was 1 instead of 0.&#10;Changing current working directory to: /Users/mahmoud/StudioProjects/gazar&#10;Upgrading build.gradle.kts&#10;Running Gradle task &apos;assembleRelease&apos;...                        &#10;&#10;&#10;Target aot_android_asset_bundle failed: IconTreeShakerException: Font subsetting failed with exit code -9.&#10;&#10;To disable icon tree shaking, pass --no-tree-shake-icons to the requested flutter build command&#10;&#10;&#10;FAILURE: Build failed with an exception.&#10;&#10;* What went wrong:&#10;Execution failed for task &apos;:app:compileFlutterBuildRelease&apos;.&#10;&gt; Process &apos;command &apos;/Users/mahmoud/Documents/flutterVersions/3.35.3/flutter/bin/flutter&apos;&apos; finished with non-zero exit value 1&#10;&#10;* Try:&#10;&gt; Run with --stacktrace option to get the stack trace.&#10;&gt; Run with --info or --debug option to get more log output.&#10;&gt; Run with --scan to get full insights.&#10;&gt; Get more help at https://help.gradle.org.&#10;&#10;BUILD FAILED in 51s&#10;Running Gradle task &apos;assembleRelease&apos;...                           52.2s&#10;Gradle task assembleRelease failed with exit code 1&#10;" />

        </testcase>

    </testsuite>
</testsuites>
